2025-05-13 15:17:04 - Webhook data: Array
(
    [admin_graphql_api_id] => gid://shopify/Product/7548683878502
    [body_html] => <p data-mce-fragment="1"><span data-mce-fragment="1">This is a trade kit containing 4 x 25kg Aggregates, it is to be used in conjunction with 1x trade resin bound binder (sold separately). <a title="Shop Vuba Resins" href="https://vuba-resin.myshopify.com/collections/resins-sealers-catalysts" data-mce-fragment="1" data-mce-href="https://vuba-resin.myshopify.com/collections/resins-sealers-catalysts">Shop resins here</a></span></p>
<p data-mce-fragment="1"><span data-mce-fragment="1"><meta charset="utf-8">
<span>At Vuba, we now source our aggregates directly from the quarries, we have gained greater control over quality, consistency, and purity. </span></span></p>
<p data-mce-fragment="1"><span data-mce-fragment="1"><span>For example, our new aggregate, Caramello Marble is replacing Marron. It has arrived straight from Italy, ensuring superior quality and reliability. Our Nero aggregate is now darker and more refined than ever. </span></span></p>
<p data-mce-fragment="1"><span data-mce-fragment="1"><span>When you buy from Vuba, you can rest assured that the materials you will be using are the best quality, have been produced with care and attention by us - a <strong>BBA certified manufacturer</strong> - the highest standard in the Resin Bound Industry!</span></span></p>
<div style="display: flex; justify-content: space-between; padding: 8px 0;"></div>
    [created_at] => 2025-02-03T04:06:40-05:00
    [handle] => colorado-1
    [id] => 7548683878502
    [product_type] => Resin Bound Kit
    [published_at] => 2024-07-18T06:27:49-04:00
    [template_suffix] => 
    [title] => Colorado (International)
    [updated_at] => 2025-05-13T08:46:56-04:00
    [vendor] => Vuba
    [status] => active
    [published_scope] => global
    [tags] => agg_Light Oscuro 2-5mm 25kg, agg_Nero Marble 1-3mm 25kg, agg_Vuba Ivory Marble 2-5mm 25kg, vuba colour
    [variants] => Array
        (
            [0] => Array
                (
                    [admin_graphql_api_id] => gid://shopify/ProductVariant/42476784025702
                    [barcode] => 
                    [compare_at_price] => 
                    [created_at] => 2025-02-03T04:06:40-05:00
                    [id] => 42476784025702
                    [inventory_policy] => continue
                    [position] => 1
                    [price] => 32.16
                    [product_id] => 7548683878502
                    [sku] => COL-ADO
                    [taxable] => 1
                    [title] => Default Title
                    [updated_at] => 2025-05-13T08:46:56-04:00
                    [option1] => Default Title
                    [option2] => 
                    [option3] => 
                    [image_id] => 
                    [inventory_item_id] => 44570085654630
                    [inventory_quantity] => 0
                    [old_inventory_quantity] => 0
                )

        )

    [options] => Array
        (
            [0] => Array
                (
                    [name] => Title
                    [id] => 9659034599526
                    [product_id] => 7548683878502
                    [position] => 1
                    [values] => Array
                        (
                            [0] => Default Title
                        )

                )

        )

    [images] => Array
        (
            [0] => Array
                (
                    [id] => 32284464611430
                    [product_id] => 7548683878502
                    [position] => 1
                    [created_at] => 2025-02-03T04:06:43-05:00
                    [updated_at] => 2025-02-03T04:06:45-05:00
                    [alt] => 
                    [width] => 2000
                    [height] => 1333
                    [src] => https://cdn.shopify.com/s/files/1/0628/7520/5734/files/Colorado_f42da18f-df5e-4cf9-9f8f-ce4429a49fe1.jpg?v=1738573605
                    [variant_ids] => Array
                        (
                        )

                    [admin_graphql_api_id] => gid://shopify/ProductImage/32284464611430
                )

        )

    [image] => Array
        (
            [id] => 32284464611430
            [product_id] => 7548683878502
            [position] => 1
            [created_at] => 2025-02-03T04:06:43-05:00
            [updated_at] => 2025-02-03T04:06:45-05:00
            [alt] => 
            [width] => 2000
            [height] => 1333
            [src] => https://cdn.shopify.com/s/files/1/0628/7520/5734/files/Colorado_f42da18f-df5e-4cf9-9f8f-ce4429a49fe1.jpg?v=1738573605
            [variant_ids] => Array
                (
                )

            [admin_graphql_api_id] => gid://shopify/ProductImage/32284464611430
        )

    [media] => Array
        (
            [0] => Array
                (
                    [id] => 24244744650854
                    [product_id] => 7548683878502
                    [position] => 1
                    [created_at] => 2025-02-03T04:06:43-05:00
                    [updated_at] => 2025-02-03T04:06:45-05:00
                    [alt] => 
                    [status] => READY
                    [media_content_type] => IMAGE
                    [preview_image] => Array
                        (
                            [width] => 2000
                            [height] => 1333
                            [src] => https://cdn.shopify.com/s/files/1/0628/7520/5734/files/Colorado_f42da18f-df5e-4cf9-9f8f-ce4429a49fe1.jpg?v=1738573605
                            [status] => READY
                        )

                    [variant_ids] => Array
                        (
                        )

                    [admin_graphql_api_id] => gid://shopify/MediaImage/24244744650854
                )

        )

    [variant_gids] => Array
        (
            [0] => Array
                (
                    [admin_graphql_api_id] => gid://shopify/ProductVariant/42476784025702
                    [updated_at] => 2025-05-13T12:46:56.000Z
                )

        )

)

2025-05-13 15:17:04 - Shop URL: vuba-stone.myshopify.com
